=> go run airdrop.go
Distribute 792542000000 droplets to 2HKxSby8dchYjfHnMLkjGZCELDhqDs9jGJS from distribution000.wlt
Distribute 759272000000 droplets to LC3E2iur5MjbN9L6WhxTYW6ApiMU6hCygs from distribution001.wlt
Distribute 747000000000 droplets to 2kg2qEKjhzdpPrGbV7Sp96muaC8VuJmdTRU from distribution002.wlt
Distribute 554815000000 droplets to 237xfxqmsCnRoxRt51YyLe2iNgkXFUfbZB9 from distribution003.wlt
Distribute 520000000000 droplets to 2cAg1FEdMnPZH87xUcRtAoppFdRYwQ4YtcC from distribution004.wlt
Distribute 500000000000 droplets to 2DDHTwwtBssBeGmoJS9XsVBXnDiwk5HC3tb from distribution005.wlt
Distribute 467771341000 droplets to JHcV8bshqMKatNsBGLqrGWrzH7SDJepcS1 from distribution006.wlt
Distribute 464251000000 droplets to 2Dspnm7nyGZhtTB5z8imUoQGfgo1SS6EwpC from distribution007.wlt
Distribute 419726000000 droplets to bM2BWgsJfvTdMo5NnYbu39pNm2ur1XQQ7C from distribution008.wlt
Distribute 400000000000 droplets to 63CaEKGfmQsnf4ToK1nEMC4ET2wgiWNdRQ from distribution009.wlt
Distribute 400000000000 droplets to 2gmmJ18gBS3w3Ay5QYEEPaxEvXcJF17BCMC from distribution010.wlt
Distribute 400000000000 droplets to 2AzRMyrgMe1FMpJqHonmL6q8QfcNTEGbqr9 from distribution011.wlt
Distribute 357143000000 droplets to kZ8KgT4WEA4JEkupnpZde72fgfnCTNFsao from distribution012.wlt
Distribute 355500000000 droplets to 2DVXYXNjznKgt9ya5H7L9j4azV8SeUuDwzG from distribution013.wlt
Distribute 346992360000 droplets to 29iTF6dY2bJCL2RKyPaH7GEx4XxYTwdyLeC from distribution014.wlt
Distribute 320004000000 droplets to 2iYQYc6oKhfFwyS8uFkMU7ZrBJBZJRvFbHS from distribution015.wlt
Distribute 313491195000 droplets to 2XsQA86vRTkSHvYgmqS4iLz4vu3Rr8kysmS from distribution016.wlt
Distribute 300000000000 droplets to y3QmpCoKTKcxc9kTPwpJG1sWXjzoE6FUHq from distribution017.wlt
Distribute 300000000000 droplets to EFaQbqxLFnpa27U9Wcb8JkTX77fziNsD3E from distribution018.wlt
Distribute 300000000000 droplets to ZnhSqcqLasS1q6xCSeSfi1aaGoUNubN26w from distribution019.wlt
Distribute 295000000000 droplets to 2FdczANtNRr2xfaikN5gBumWtyHvG7DDF1r from distribution020.wlt
Distribute 280001000000 droplets to uU1cWFfvNEw4WfFeSCYvTY8zSbxhabmJhP from distribution021.wlt
Distribute 280000000000 droplets to 2dptxwNY2xv686J7CAbNcjcdddTLeVQLxiB from distribution022.wlt
Distribute 255500000000 droplets to 2iDSnyX7hnY6XskXYok7JpG62G9FZdK3z1D from distribution023.wlt
Distribute 250518000000 droplets to zZYoto6e9d7jiVivYnsh9wGNL3Z9BhorHu from distribution024.wlt
Distribute 249000000000 droplets to TPc3gEyJKHmqCw3UPkZBQsGonYWNajxbDN from distribution025.wlt
Distribute 220000000000 droplets to FNs5ECPvUdhi3mHvM7m7zJesVEi2gWJuYy from distribution026.wlt
Distribute 216933671000 droplets to KgerZFgcRPjNoisr4A3x53pfrj3dGxtEQA from distribution027.wlt
Distribute 209000000000 droplets to 2SpCFpDYmT4hWW2UgksvVr4LoxKPXFkJ2Mz from distribution028.wlt
Distribute 200000000000 droplets to 28FYtKww3diNrmqvYWqTppHzF8MqrW6CYVy from distribution029.wlt
Distribute 200000000000 droplets to W6pUeEHcEfHHnMxYcR8ug6EBgrgg6TrGb1 from distribution030.wlt
Distribute 200000000000 droplets to B8caYEPbDqajHFw9MztnUNkiiVf1PDCi8A from distribution031.wlt
Distribute 199900000000 droplets to 2Bs2G9cn7oG61aBuArGU2H6RmNZWHvZsDTq from distribution032.wlt
Distribute 174286000000 droplets to ZwRH95aRWUvva6Mtju6V3TRHhtTiE2f7Rw from distribution033.wlt
Distribute 171147000000 droplets to gYv57es7VuBzUF8zWMve8gFqn5pJTbdVgL from distribution034.wlt
Distribute 163885000000 droplets to 29go8opf4BAbkqh5NXNR9xa2667TVGqQkLf from distribution035.wlt
Distribute 150000000000 droplets to 2aSEFbymnxERLFvW5VRxwmn1NXdqAcAN3S3 from distribution036.wlt
Distribute 145834000000 droplets to 28VPYESkMnFdeFfs15qjxbmu8rjSatC345z from distribution037.wlt
Distribute 136273909000 droplets to 28Jcogc9KyQ32hH6uf2HcURHWV9hbVdmfCj from distribution038.wlt
Distribute 130130000000 droplets to hALqD8kD8woWiNqx7AbVzHmmAqBpDFzZax from distribution039.wlt
Distribute 125001000000 droplets to 2fdkHSHovAoS62YbkAgtZaBBowazrAMgdnU from distribution040.wlt
Distribute 125000000000 droplets to 2FtqnwW9c49hAQfSF4PvR4xVf5oWBLrNyKy from distribution041.wlt
Distribute 116140000000 droplets to 2WuJViwjprgLN7tY6W8Factbv1UxYUz3dMS from distribution042.wlt
Distribute 116000000000 droplets to 2i2yZiMd8Lv18RCdSMKjjNDFFrHJ1b1M5jy from distribution043.wlt
Distribute 110000000000 droplets to MV8UhWUWrGEsvQ97WvNwsoeJ244cNUK7vt from distribution044.wlt
Distribute 100707000000 droplets to 22MXUaGq6V5dE4fmmb8dcuRryCM57wknhts from distribution045.wlt
Distribute 100076000000 droplets to ijL1aP1f1h4uEdp4VYAK6xdE5znduHMVY8 from distribution046.wlt
Distribute 100076000000 droplets to yBEdYbyWZMfNcsTFa2DddQDgccxVxTA7zB from distribution047.wlt
Distribute 100076000000 droplets to 2FsNZfoxXQ2tgoXLX6at9mnsAiiwTZ5v7vM from distribution048.wlt
Distribute 100000000000 droplets to Hv7LCehtCBkdSiPydZW6vmtSyJreYJV8bM from distribution049.wlt
Distribute 100000000000 droplets to 2LKa4WgxK1z12NMHgM5ScV7L4FRNFWgrmt6 from distribution050.wlt
Distribute 100000000000 droplets to ndLe7EUtUGSmhYHwZ8p5tJThk8zmTGaRHt from distribution051.wlt
Distribute 100000000000 droplets to pXtFE1TY79MR4sf23ADk7vnS1hmriVTVJ8 from distribution052.wlt
Distribute 100000000000 droplets to E4aZCU4FRdSFgBu6NvnjCJTErZZKyAVZ8v from distribution053.wlt
Distribute 95000000000 droplets to 2iYZtcNkHTnBhtAhCUfmEHFfsZVexj4f7Qg from distribution054.wlt
Distribute 90000000000 droplets to 2KXf4QCgz9JPt1vg8wtMhohtajgq3HTbDGL from distribution055.wlt
Distribute 89286000000 droplets to wt9n3vXgUxWGUNJGECxRSAZJ8MMkV7J39V from distribution056.wlt
Distribute 83254000000 droplets to 2Scu25gBhjcZ5e5VjcdaSjgzq63AJM5NucB from distribution057.wlt
Distribute 80000000000 droplets to PFhdNWdk49XRjpqSL7qoNXeqfFaj1mn1CR from distribution058.wlt
Distribute 80000000000 droplets to 25Ro51y1dhVQgZVPiPRBQyPvjgbgA7FrhfT from distribution059.wlt
Distribute 79366000000 droplets to 296YCp7A8DNh33AAZCrExicgNSchBNDnKPz from distribution060.wlt
Distribute 76707000000 droplets to 2hFgoeciLhzzWTgu9fwKZsHZiy6i8ruodSu from distribution061.wlt
Distribute 69000000000 droplets to 2Fhq22jF3rwvaJ4n3DgMyGrJ6UhJjy3fcE3 from distribution062.wlt
Distribute 66889000000 droplets to 59KbRi3EpWehuAp1dAoqWq1xqQmmAeqvDZ from distribution063.wlt
Distribute 60000000000 droplets to umux38qihgQwrCpM3td3YY5FneSGkpVNJ4 from distribution064.wlt
Distribute 59107000000 droplets to 2Yi3ieRKg42bDhRkg2g4fvpNFPLGQ7f7XF8 from distribution065.wlt
Distribute 59000000000 droplets to BAQYHQSnS4EwMPDkYSkRovdUjCQs9C1zkB from distribution066.wlt
Distribute 56389000000 droplets to 2bCFJhBPMM7BYN6KUwQu1DzLLDe1T39tcgT from distribution067.wlt
Distribute 52169000000 droplets to imKVm7vcARt5iobcXwhQ344ZTsriabFtpW from distribution068.wlt
Distribute 52030000000 droplets to czkoPdpK9s8WJCtNqpWwdC2QPBLbniQ8Rb from distribution069.wlt
Distribute 50235000000 droplets to zaURbf2pYteqJE6rVSXQp4YwUDsPi59gta from distribution070.wlt
Distribute 50000000000 droplets to wQvBkEDoNBDPsCEVBKvgcydEbtrn8wkhJa from distribution071.wlt
Distribute 50000000000 droplets to Pidpb6effv4vAKBRsDTgdYtuT2AJg52UsT from distribution072.wlt
Distribute 50000000000 droplets to BzNjjpfNpvVWnognQ1CfTcFWBw6pT8cSsY from distribution073.wlt
Distribute 49940000000 droplets to FgcPwEHVFAwC4pYpbi55jLw6WA753YKMuJ from distribution074.wlt
Distribute 46537638000 droplets to 1GH31FPu53PmQ3gfGfxdb2MAisAmxKZb7e from distribution075.wlt
Distribute 45224389000 droplets to qNY3vJahebNfxmAUXYmFi9VTvKRFx8t8h9 from distribution076.wlt
Distribute 43119000000 droplets to SyjKmGvjZx8sgp3Q2CGcQ1igGtaMH1gGdC from distribution077.wlt
Distribute 41627000000 droplets to VGsXFD9LaLqnh1eGGNiiuu9Zs8M5wexX67 from distribution078.wlt
Distribute 41627000000 droplets to 2eebuZL4mLcFvXfzfhFNLUtdoqcjpnwRGep from distribution079.wlt
Distribute 40100000000 droplets to D2Sp78etmpEJTGueu5aokyqEhBu6hYkWF4 from distribution080.wlt
Distribute 40007500000 droplets to 2EmCQmwrxnJecAhgtc7wo3BEKRxjJABTvjt from distribution081.wlt
Distribute 40000000000 droplets to ssvd8rcBcYyaJgdUgdk8vkq8HoVDVS8hyZ from distribution082.wlt
Distribute 39900000000 droplets to 2UjMumrXD4r9CZKxPdBJwU4VHsVtMDB4Lv3 from distribution083.wlt
Distribute 37085000000 droplets to 37gaogP8PPQsKdoT5PQGHJKUXR7opprv19 from distribution084.wlt
Distribute 36998999000 droplets to 2jdX8fdTL3yKS7TwK7LLy2EtbVA7xWTaw1d from distribution085.wlt
Distribute 36458000000 droplets to 2KtASDmqj8fPSQ1Pju4ZNqV8nXd3T3EVdmc from distribution086.wlt
Distribute 34680000000 droplets to YH4oyCftwy38vW5fot6xot3NVsA3a2nf2K from distribution087.wlt
Distribute 34196925000 droplets to 2WLAbsxu4WU3pmoDfaVXXPPyuG1jh57aZfy from distribution088.wlt
Distribute 33714000000 droplets to 2ZgjFCBrwrutEfSfM2sq7UQBX8NSn6b9YHU from distribution089.wlt
Distribute 33143000000 droplets to RWD9NgrtXrSBewdFbeiK9SdfAGUne7JSU6 from distribution090.wlt
Distribute 33143000000 droplets to KZJ66KYrGx7m7vbYubu3JsFKDZZCmq8GS8 from distribution091.wlt
Distribute 33133970999 droplets to 4KpeDTPqqqbZA1KXV4Deb4VYsfYgGiTMUD from distribution092.wlt
panic: 500 Internal Server Error
